# JRE version: OpenJDK Runtime Environment (17.0.6) (build 17.0.6+0-17.0.6b802.4-9586694)
# Java VM: OpenJDK 64-Bit Server VM (17.0.6+0-17.0.6b802.4-9586694, mixed mode, tiered, compressed oops, compressed class ptrs, g1 gc, linux-amd64)
GC Precious Log:
 CPUs: 8 total, 8 available
 Memory: 15919M
 Large Page Support: Disabled
 NUMA Support: Disabled
 Compressed Oops: Enabled (32-bit)
 Heap Region Size: 1M
 Heap Min Capacity: 8M
 Heap Initial Capacity: 250M
 Heap Max Capacity: 2G
 Pre-touch: Disabled
 Parallel Workers: 8
 Concurrent Workers: 2
 Concurrent Refinement Workers: 8
 Periodic GC: Disabled
Heap:
 garbage-first heap   total 82944K, used 40434K [0x0000000080000000, 0x0000000100000000)
  region size 1024K, 8 young (8192K), 2 survivors (2048K)
 Metaspace       used 50196K, committed 50624K, reserved 1097728K
  class space    used 6731K, committed 6976K, reserved 1048576K
GC Heap History (20 events):
Event: 0.495 GC heap before
{Heap before GC invocations=1 (full 0):
 garbage-first heap   total 256000K, used 40128K [0x0000000080000000, 0x0000000100000000)
  region size 1024K, 31 young (31744K), 3 survivors (3072K)
 Metaspace       used 11711K, committed 11904K, reserved 1064960K
  class space    used 1276K, committed 1344K, reserved 1048576K
}
Event: 0.497 GC heap after
{Heap after GC invocations=2 (full 0):
 garbage-first heap   total 256000K, used 15774K [0x0000000080000000, 0x0000000100000000)
  region size 1024K, 4 young (4096K), 4 survivors (4096K)
 Metaspace       used 11711K, committed 11904K, reserved 1064960K
  class space    used 1276K, committed 1344K, reserved 1048576K
}
Event: 0.882 GC heap before
{Heap before GC invocations=2 (full 0):
 garbage-first heap   total 256000K, used 51614K [0x0000000080000000, 0x0000000100000000)
  region size 1024K, 40 young (40960K), 4 survivors (4096K)
 Metaspace       used 21283K, committed 21504K, reserved 1073152K
  class space    used 2625K, committed 2752K, reserved 1048576K
}
Event: 0.885 GC heap after
{Heap after GC invocations=3 (full 0):
 garbage-first heap   total 256000K, used 18389K [0x0000000080000000, 0x0000000100000000)
  region size 1024K, 7 young (7168K), 7 survivors (7168K)
 Metaspace       used 21283K, committed 21504K, reserved 1073152K
  class space    used 2625K, committed 2752K, reserved 1048576K
}
Event: 1.147 GC heap before
{Heap before GC invocations=4 (full 0):
 garbage-first heap   total 68608K, used 51157K [0x0000000080000000, 0x0000000100000000)
  region size 1024K, 41 young (41984K), 7 survivors (7168K)
 Metaspace       used 26087K, committed 26304K, reserved 1073152K
  class space    used 3475K, committed 3584K, reserved 1048576K
}
Event: 1.152 GC heap after
{Heap after GC invocations=5 (full 0):
 garbage-first heap   total 68608K, used 20512K [0x0000000080000000, 0x0000000100000000)
  region size 1024K, 9 young (9216K), 9 survivors (9216K)
 Metaspace       used 26087K, committed 26304K, reserved 1073152K
  class space    used 3475K, committed 3584K, reserved 1048576K
}
Event: 1.389 GC heap before
{Heap before GC invocations=5 (full 0):
 garbage-first heap   total 68608K, used 47136K [0x0000000080000000, 0x0000000100000000)
  region size 1024K, 36 young (36864K), 9 survivors (9216K)
 Metaspace       used 29966K, committed 30272K, reserved 1081344K
  class space    used 4112K, committed 4288K, reserved 1048576K
}
Event: 1.393 GC heap after
{Heap after GC invocations=6 (full 0):
 garbage-first heap   total 68608K, used 22099K [0x0000000080000000, 0x0000000100000000)
  region size 1024K, 4 young (4096K), 4 survivors (4096K)
 Metaspace       used 29966K, committed 30272K, reserved 1081344K
  class space    used 4112K, committed 4288K, reserved 1048576K
}
Event: 1.606 GC heap before
{Heap before GC invocations=6 (full 0):
 garbage-first heap   total 68608K, used 49747K [0x0000000080000000, 0x0000000100000000)
  region size 1024K, 31 young (31744K), 4 survivors (4096K)
 Metaspace       used 34059K, committed 34304K, reserved 1081344K
  class space    used 4745K, committed 4864K, reserved 1048576K
}
Event: 1.608 GC heap after
{Heap after GC invocations=7 (full 0):
 garbage-first heap   total 68608K, used 23140K [0x0000000080000000, 0x0000000100000000)
  region size 1024K, 3 young (3072K), 3 survivors (3072K)
 Metaspace       used 34059K, committed 34304K, reserved 1081344K
  class space    used 4745K, committed 4864K, reserved 1048576K
}
Event: 1.679 GC heap before
{Heap before GC invocations=7 (full 0):
 garbage-first heap   total 68608K, used 32356K [0x0000000080000000, 0x0000000100000000)
  region size 1024K, 13 young (13312K), 3 survivors (3072K)
 Metaspace       used 35624K, committed 35968K, reserved 1081344K
  class space    used 4985K, committed 5184K, reserved 1048576K
}
Event: 1.682 GC heap after
{Heap after GC invocations=8 (full 0):
 garbage-first heap   total 68608K, used 23963K [0x0000000080000000, 0x0000000100000000)
  region size 1024K, 3 young (3072K), 3 survivors (3072K)
 Metaspace       used 35624K, committed 35968K, reserved 1081344K
  class space    used 4985K, committed 5184K, reserved 1048576K
}
Event: 1.921 GC heap before
{Heap before GC invocations=9 (full 0):
 garbage-first heap   total 68608K, used 50587K [0x0000000080000000, 0x0000000100000000)
  region size 1024K, 30 young (30720K), 3 survivors (3072K)
 Metaspace       used 40838K, committed 41216K, reserved 1089536K
  class space    used 5494K, committed 5696K, reserved 1048576K
}
Event: 1.923 GC heap after
{Heap after GC invocations=10 (full 0):
 garbage-first heap   total 68608K, used 27510K [0x0000000080000000, 0x0000000100000000)
  region size 1024K, 4 young (4096K), 4 survivors (4096K)
 Metaspace       used 40838K, committed 41216K, reserved 1089536K
  class space    used 5494K, committed 5696K, reserved 1048576K
}
Event: 2.069 GC heap before
{Heap before GC invocations=10 (full 0):
 garbage-first heap   total 68608K, used 56182K [0x0000000080000000, 0x0000000100000000)
  region size 1024K, 28 young (28672K), 4 survivors (4096K)
 Metaspace       used 42986K, committed 43392K, reserved 1089536K
  class space    used 5701K, committed 5888K, reserved 1048576K
}
Event: 2.073 GC heap after
{Heap after GC invocations=11 (full 0):
 garbage-first heap   total 82944K, used 30615K [0x0000000080000000, 0x0000000100000000)
  region size 1024K, 3 young (3072K), 3 survivors (3072K)
 Metaspace       used 42986K, committed 43392K, reserved 1089536K
  class space    used 5701K, committed 5888K, reserved 1048576K
}
Event: 2.335 GC heap before
{Heap before GC invocations=11 (full 0):
 garbage-first heap   total 82944K, used 62359K [0x0000000080000000, 0x0000000100000000)
  region size 1024K, 34 young (34816K), 3 survivors (3072K)
 Metaspace       used 45669K, committed 46080K, reserved 1089536K
  class space    used 6138K, committed 6336K, reserved 1048576K
}
Event: 2.337 GC heap after
{Heap after GC invocations=12 (full 0):
 garbage-first heap   total 82944K, used 33715K [0x0000000080000000, 0x0000000100000000)
  region size 1024K, 3 young (3072K), 3 survivors (3072K)
 Metaspace       used 45669K, committed 46080K, reserved 1089536K
  class space    used 6138K, committed 6336K, reserved 1048576K
}
Event: 2.581 GC heap before
{Heap before GC invocations=12 (full 0):
 garbage-first heap   total 82944K, used 64435K [0x0000000080000000, 0x0000000100000000)
  region size 1024K, 32 young (32768K), 3 survivors (3072K)
 Metaspace       used 49495K, committed 49920K, reserved 1097728K
  class space    used 6640K, committed 6848K, reserved 1048576K
}
Event: 2.584 GC heap after
{Heap after GC invocations=13 (full 0):
 garbage-first heap   total 82944K, used 35314K [0x0000000080000000, 0x0000000100000000)
  region size 1024K, 2 young (2048K), 2 survivors (2048K)
 Metaspace       used 49495K, committed 49920K, reserved 1097728K
  class space    used 6640K, committed 6848K, reserved 1048576K
}

