# JRE version: OpenJDK Runtime Environment (17.0.6) (build 17.0.6+0-17.0.6b802.4-9586694)
# Java VM: OpenJDK 64-Bit Server VM (17.0.6+0-17.0.6b802.4-9586694, mixed mode, tiered, compressed oops, compressed class ptrs, g1 gc, linux-amd64)
GC Precious Log:
 CPUs: 8 total, 8 available
 Memory: 15919M
 Large Page Support: Disabled
 NUMA Support: Disabled
 Compressed Oops: Enabled (32-bit)
 Heap Region Size: 1M
 Heap Min Capacity: 8M
 Heap Initial Capacity: 250M
 Heap Max Capacity: 2G
 Pre-touch: Disabled
 Parallel Workers: 8
 Concurrent Workers: 2
 Concurrent Refinement Workers: 8
 Periodic GC: Disabled
Heap:
 garbage-first heap   total 368640K, used 284998K [0x0000000080000000, 0x0000000100000000)
  region size 1024K, 6 young (6144K), 3 survivors (3072K)
 Metaspace       used 167878K, committed 168960K, reserved 1196032K
  class space    used 22687K, committed 23232K, reserved 1048576K
GC Heap History (20 events):
Event: 13.162 GC heap before
{Heap before GC invocations=38 (full 0):
 garbage-first heap   total 307200K, used 255954K [0x0000000080000000, 0x0000000100000000)
  region size 1024K, 102 young (104448K), 6 survivors (6144K)
 Metaspace       used 142863K, committed 143744K, reserved 1179648K
  class space    used 19085K, committed 19520K, reserved 1048576K
}
Event: 13.174 GC heap after
{Heap after GC invocations=39 (full 0):
 garbage-first heap   total 307200K, used 169563K [0x0000000080000000, 0x0000000100000000)
  region size 1024K, 13 young (13312K), 13 survivors (13312K)
 Metaspace       used 142863K, committed 143744K, reserved 1179648K
  class space    used 19085K, committed 19520K, reserved 1048576K
}
Event: 19.403 GC heap before
{Heap before GC invocations=39 (full 0):
 garbage-first heap   total 307200K, used 258651K [0x0000000080000000, 0x0000000100000000)
  region size 1024K, 95 young (97280K), 13 survivors (13312K)
 Metaspace       used 149088K, committed 150080K, reserved 1179648K
  class space    used 19826K, committed 20352K, reserved 1048576K
}
Event: 19.411 GC heap after
{Heap after GC invocations=40 (full 0):
 garbage-first heap   total 307200K, used 178562K [0x0000000080000000, 0x0000000100000000)
  region size 1024K, 7 young (7168K), 7 survivors (7168K)
 Metaspace       used 149088K, committed 150080K, reserved 1179648K
  class space    used 19826K, committed 20352K, reserved 1048576K
}
Event: 19.624 GC heap before
{Heap before GC invocations=40 (full 0):
 garbage-first heap   total 307200K, used 255362K [0x0000000080000000, 0x0000000100000000)
  region size 1024K, 83 young (84992K), 7 survivors (7168K)
 Metaspace       used 151770K, committed 152704K, reserved 1187840K
  class space    used 20211K, committed 20672K, reserved 1048576K
}
Event: 19.629 GC heap after
{Heap after GC invocations=41 (full 0):
 garbage-first heap   total 307200K, used 192038K [0x0000000080000000, 0x0000000100000000)
  region size 1024K, 11 young (11264K), 11 survivors (11264K)
 Metaspace       used 151770K, committed 152704K, reserved 1187840K
  class space    used 20211K, committed 20672K, reserved 1048576K
}
Event: 19.774 GC heap before
{Heap before GC invocations=41 (full 0):
 garbage-first heap   total 307200K, used 253478K [0x0000000080000000, 0x0000000100000000)
  region size 1024K, 72 young (73728K), 11 survivors (11264K)
 Metaspace       used 154386K, committed 155392K, reserved 1187840K
  class space    used 20586K, committed 21056K, reserved 1048576K
}
Event: 19.781 GC heap after
{Heap after GC invocations=42 (full 0):
 garbage-first heap   total 307200K, used 199680K [0x0000000080000000, 0x0000000100000000)
  region size 1024K, 8 young (8192K), 8 survivors (8192K)
 Metaspace       used 154386K, committed 155392K, reserved 1187840K
  class space    used 20586K, committed 21056K, reserved 1048576K
}
Event: 19.951 GC heap before
{Heap before GC invocations=42 (full 0):
 garbage-first heap   total 307200K, used 254976K [0x0000000080000000, 0x0000000100000000)
  region size 1024K, 63 young (64512K), 8 survivors (8192K)
 Metaspace       used 159008K, committed 160064K, reserved 1187840K
  class space    used 21369K, committed 21888K, reserved 1048576K
}
Event: 19.956 GC heap after
{Heap after GC invocations=43 (full 0):
 garbage-first heap   total 307200K, used 202739K [0x0000000080000000, 0x0000000100000000)
  region size 1024K, 3 young (3072K), 3 survivors (3072K)
 Metaspace       used 159008K, committed 160064K, reserved 1187840K
  class space    used 21369K, committed 21888K, reserved 1048576K
}
Event: 20.198 GC heap before
{Heap before GC invocations=43 (full 0):
 garbage-first heap   total 307200K, used 258035K [0x0000000080000000, 0x0000000100000000)
  region size 1024K, 58 young (59392K), 3 survivors (3072K)
 Metaspace       used 163300K, committed 164352K, reserved 1196032K
  class space    used 22045K, committed 22592K, reserved 1048576K
}
Event: 20.202 GC heap after
{Heap after GC invocations=44 (full 0):
 garbage-first heap   total 368640K, used 203371K [0x0000000080000000, 0x0000000100000000)
  region size 1024K, 4 young (4096K), 4 survivors (4096K)
 Metaspace       used 163300K, committed 164352K, reserved 1196032K
  class space    used 22045K, committed 22592K, reserved 1048576K
}
Event: 20.690 GC heap before
{Heap before GC invocations=44 (full 0):
 garbage-first heap   total 368640K, used 307819K [0x0000000080000000, 0x0000000100000000)
  region size 1024K, 106 young (108544K), 4 survivors (4096K)
 Metaspace       used 166659K, committed 167744K, reserved 1196032K
  class space    used 22553K, committed 23104K, reserved 1048576K
}
Event: 20.695 GC heap after
{Heap after GC invocations=45 (full 0):
 garbage-first heap   total 368640K, used 209573K [0x0000000080000000, 0x0000000100000000)
  region size 1024K, 10 young (10240K), 10 survivors (10240K)
 Metaspace       used 166659K, committed 167744K, reserved 1196032K
  class space    used 22553K, committed 23104K, reserved 1048576K
}
Event: 20.905 GC heap before
{Heap before GC invocations=45 (full 0):
 garbage-first heap   total 368640K, used 267941K [0x0000000080000000, 0x0000000100000000)
  region size 1024K, 38 young (38912K), 10 survivors (10240K)
 Metaspace       used 167772K, committed 168832K, reserved 1196032K
  class space    used 22680K, committed 23232K, reserved 1048576K
}
Event: 20.909 GC heap after
{Heap after GC invocations=46 (full 0):
 garbage-first heap   total 368640K, used 233916K [0x0000000080000000, 0x0000000100000000)
  region size 1024K, 3 young (3072K), 3 survivors (3072K)
 Metaspace       used 167772K, committed 168832K, reserved 1196032K
  class space    used 22680K, committed 23232K, reserved 1048576K
}
Event: 20.914 GC heap before
{Heap before GC invocations=46 (full 0):
 garbage-first heap   total 368640K, used 253372K [0x0000000080000000, 0x0000000100000000)
  region size 1024K, 4 young (4096K), 3 survivors (3072K)
 Metaspace       used 167778K, committed 168832K, reserved 1196032K
  class space    used 22682K, committed 23232K, reserved 1048576K
}
Event: 20.918 GC heap after
{Heap after GC invocations=47 (full 0):
 garbage-first heap   total 368640K, used 253047K [0x0000000080000000, 0x0000000100000000)
  region size 1024K, 3 young (3072K), 3 survivors (3072K)
 Metaspace       used 167778K, committed 168832K, reserved 1196032K
  class space    used 22682K, committed 23232K, reserved 1048576K
}
Event: 20.928 GC heap before
{Heap before GC invocations=47 (full 0):
 garbage-first heap   total 368640K, used 266359K [0x0000000080000000, 0x0000000100000000)
  region size 1024K, 4 young (4096K), 3 survivors (3072K)
 Metaspace       used 167784K, committed 168832K, reserved 1196032K
  class space    used 22682K, committed 23232K, reserved 1048576K
}
Event: 20.930 GC heap after
{Heap after GC invocations=48 (full 0):
 garbage-first heap   total 368640K, used 266566K [0x0000000080000000, 0x0000000100000000)
  region size 1024K, 3 young (3072K), 3 survivors (3072K)
 Metaspace       used 167784K, committed 168832K, reserved 1196032K
  class space    used 22682K, committed 23232K, reserved 1048576K
}

